\BOOKMARK [0][-]{section*.2}{\376\377\000H\000a\000l\000l\000\040\000E\000f\000f\000e\000c\000t}{}% 2
\BOOKMARK [1][-]{section*.1}{\376\377\000A\000b\000s\000t\000r\000a\000c\000t}{section*.2}% 1
\BOOKMARK [1][-]{section*.3}{\376\377\000I\000n\000t\000r\000o\000d\000u\000c\000t\000i\000o\000n}{section*.2}% 3
\BOOKMARK [1][-]{section*.4}{\376\377\000T\000h\000e\000o\000r\000e\000t\000i\000c\000a\000l\000\040\000b\000a\000c\000k\000g\000r\000o\000u\000n\000d}{section*.2}% 4
\BOOKMARK [2][-]{section*.5}{\376\377\000H\000a\000l\000l\000\040\000e\000f\000f\000e\000c\000t}{section*.4}% 5
\BOOKMARK [2][-]{section*.6}{\376\377\000H\000a\000l\000l\000\040\000c\000o\000e\000f\000f\000i\000c\000i\000e\000n\000t}{section*.4}% 6
\BOOKMARK [2][-]{section*.7}{\376\377\000C\000h\000a\000r\000g\000e\000\040\000c\000a\000r\000r\000i\000e\000r\000\040\000d\000e\000n\000s\000i\000t\000y}{section*.4}% 7
\BOOKMARK [2][-]{section*.8}{\376\377\000M\000o\000b\000i\000l\000i\000t\000y}{section*.4}% 8
\BOOKMARK [2][-]{section*.9}{\376\377\000D\000o\000p\000i\000n\000g\000\040\000a\000n\000d\000\040\000b\000a\000n\000d\000\040\000s\000t\000r\000u\000c\000t\000u\000r\000e\000\040\000i\000n\000\040\000g\000e\000r\000m\000a\000n\000i\000u\000m}{section*.4}% 9
\BOOKMARK [1][-]{section*.10}{\376\377\000E\000x\000p\000e\000r\000i\000m\000e\000n\000t\000a\000l\000\040\000M\000e\000t\000h\000o\000d\000s}{section*.2}% 10
\BOOKMARK [2][-]{section*.11}{\376\377\000A\000p\000p\000a\000r\000a\000t\000u\000s}{section*.10}% 11
\BOOKMARK [2][-]{section*.12}{\376\377\000M\000a\000g\000n\000e\000t\000i\000c\000\040\000f\000i\000e\000l\000d\000\040\000c\000a\000l\000i\000b\000r\000a\000t\000i\000o\000n}{section*.10}% 12
\BOOKMARK [2][-]{section*.13}{\376\377\000H\000a\000l\000l\000\040\000v\000o\000l\000t\000a\000g\000e\000\040\000m\000e\000a\000s\000u\000r\000e\000m\000e\000n\000t}{section*.10}% 13
\BOOKMARK [1][-]{section*.17}{\376\377\000R\000e\000s\000u\000l\000t\000s}{section*.2}% 14
\BOOKMARK [2][-]{section*.18}{\376\377\000C\000a\000l\000i\000b\000r\000a\000t\000i\000o\000n}{section*.17}% 15
\BOOKMARK [2][-]{section*.19}{\376\377\000H\000a\000l\000l\000\040\000v\000o\000l\000t\000a\000g\000e\000\040\000m\000e\000a\000s\000u\000r\000e\000m\000e\000n\000t\000s}{section*.17}% 16
\BOOKMARK [2][-]{section*.20}{\376\377\000H\000a\000l\000l\000\040\000c\000o\000e\000f\000f\000i\000c\000i\000e\000n\000t\000\040\000a\000n\000d\000\040\000c\000a\000r\000r\000i\000e\000r\000\040\000d\000e\000n\000s\000i\000t\000y}{section*.17}% 17
\BOOKMARK [2][-]{section*.21}{\376\377\000L\000o\000n\000g\000i\000t\000u\000d\000i\000n\000a\000l\000\040\000v\000o\000l\000t\000a\000g\000e\000\040\000a\000n\000d\000\040\000m\000o\000b\000i\000l\000i\000t\000y}{section*.17}% 18
\BOOKMARK [2][-]{section*.22}{\376\377\000S\000u\000m\000m\000a\000r\000y\000\040\000o\000f\000\040\000m\000e\000a\000s\000u\000r\000e\000d\000\040\000q\000u\000a\000n\000t\000i\000t\000i\000e\000s}{section*.17}% 19
\BOOKMARK [1][-]{section*.23}{\376\377\000D\000i\000s\000c\000u\000s\000s\000i\000o\000n}{section*.2}% 20
\BOOKMARK [2][-]{section*.24}{\376\377\000I\000n\000t\000e\000r\000c\000e\000p\000t\000\040\000t\000e\000r\000m\000\040\000o\000f\000\040\000t\000h\000e\000\040\000c\000a\000l\000i\000b\000r\000a\000t\000i\000o\000n\000\040\000l\000i\000n\000e}{section*.23}% 21
\BOOKMARK [2][-]{section*.25}{\376\377\000D\000e\000p\000e\000n\000d\000e\000n\000c\000e\000\040\000o\000f\000\040\000t\000r\000a\000n\000s\000v\000e\000r\000s\000e\000\040\000a\000n\000d\000\040\000l\000o\000n\000g\000i\000t\000u\000d\000i\000n\000a\000l\000\040\000v\000o\000l\000t\000a\000g\000e\000\040\000o\000n\000\040\000m\000a\000g\000n\000e\000t\000i\000c\000\040\000f\000i\000e\000l\000d}{section*.23}% 22
\BOOKMARK [2][-]{section*.26}{\376\377\000S\000c\000a\000l\000e\000\040\000o\000f\000\040\000H\000a\000l\000l\000\040\000c\000o\000e\000f\000f\000i\000c\000i\000e\000n\000t}{section*.23}% 23
\BOOKMARK [2][-]{section*.27}{\376\377\000C\000o\000m\000p\000a\000r\000i\000s\000o\000n\000\040\000o\000f\000\040\000h\000o\000l\000e\000\040\000a\000n\000d\000\040\000e\000l\000e\000c\000t\000r\000o\000n\000\040\000m\000o\000b\000i\000l\000i\000t\000i\000e\000s}{section*.23}% 24
\BOOKMARK [2][-]{section*.28}{\376\377\000P\000o\000s\000s\000i\000b\000l\000e\000\040\000s\000o\000u\000r\000c\000e\000s\000\040\000o\000f\000\040\000e\000r\000r\000o\000r}{section*.23}% 25
\BOOKMARK [2][-]{section*.29}{\376\377\000C\000o\000m\000p\000a\000r\000i\000s\000o\000n\000\040\000t\000o\000\040\000q\000u\000a\000n\000t\000u\000m\000\040\000e\000x\000t\000e\000n\000s\000i\000o\000n\000s\000\040\000o\000f\000\040\000t\000h\000e\000\040\000H\000a\000l\000l\000\040\000e\000f\000f\000e\000c\000t}{section*.23}% 26
\BOOKMARK [1][-]{section*.30}{\376\377\000C\000o\000n\000c\000l\000u\000s\000i\000o\000n}{section*.2}% 27
\BOOKMARK [1][-]{section*.31}{\376\377\000D\000e\000r\000i\000v\000a\000t\000i\000o\000n\000\040\000o\000f\000\040\000t\000h\000e\000\040\000H\000a\000l\000l\000\040\000C\000o\000e\000f\000f\000i\000c\000i\000e\000n\000t}{section*.2}% 28
\BOOKMARK [2][-]{section*.32}{\376\377\000E\000q\000u\000a\000t\000i\000o\000n\000s\000\040\000o\000f\000\040\000m\000o\000t\000i\000o\000n}{section*.31}% 29
\BOOKMARK [2][-]{section*.33}{\376\377\000W\000e\000a\000k\000\040\000m\000a\000g\000n\000e\000t\000i\000c\000\040\000f\000i\000e\000l\000d\000\040\000a\000p\000p\000r\000o\000x\000i\000m\000a\000t\000i\000o\000n}{section*.31}% 30
\BOOKMARK [2][-]{section*.34}{\376\377\000C\000u\000r\000r\000e\000n\000t\000\040\000d\000e\000n\000s\000i\000t\000y}{section*.31}% 31
\BOOKMARK [2][-]{section*.35}{\376\377\000H\000a\000l\000l\000\040\000c\000o\000n\000d\000i\000t\000i\000o\000n\000\040\000a\000n\000d\000\040\000r\000e\000s\000u\000l\000t}{section*.31}% 32
\BOOKMARK [2][-]{section*.36}{\376\377\000L\000o\000n\000g\000i\000t\000u\000d\000i\000n\000a\000l\000\040\000m\000a\000g\000n\000e\000t\000o\000r\000e\000s\000i\000s\000t\000a\000n\000c\000e}{section*.31}% 33
\BOOKMARK [1][-]{section*.37}{\376\377\000R\000e\000f\000e\000r\000e\000n\000c\000e\000s}{section*.2}% 34
